<?xml version="1.0" encoding="UTF-8"?>
<!-- Generated by org.testng.reporters.JUnitXMLReporter -->
<testsuite ignored="0" hostname="EC2AMAZ-1RMRCNU" failures="1" tests="1" name="LoginTests" time="14.058" errors="0" timestamp="2025-03-07T14:13:05 UTC">
  <testcase classname="tests.LoginTest" name="testValidLogin" time="1.709">
    <failure type="java.lang.AssertionError" message="expected [Just a moment...] but found [nopCommerce demo store. Login]">
      <![CDATA[java.lang.AssertionError: expected [Just a moment...] but found [nopCommerce demo store. Login]
at tests.LoginTest.testValidLogin(LoginTest.java:71)
at java.base/java.util.ArrayList.forEach(ArrayList.java:1596)
... Removed 31 stack frames]]>
    </failure>
  </testcase> <!-- testValidLogin -->
</testsuite> <!-- LoginTests -->
